15:08:55.592  INFO  [lib BD_Libros] Library opened by Qizx 4.4p1
15:08:55.593  INFO  [lib BD_Libros]  location C:\Users\usuario\Desktop\1 DAW\Lenguaje de marcas\UD6\Actividad 3\BD_Libros\BD_Libros
15:08:55.593  INFO  [lib BD_Libros]  document storage version=5, lastBId=19, BCount=16, maxA=502
15:21:07.095  INFO  [lib BD_Libros] commit start BD_Libros (session 1)
15:21:07.145  INFO  [lib BD_Libros] commit 4 on BD_Libros (session 1)
15:21:07.156  INFO  [lib BD_Libros] commit 4 done
15:21:07.157  INFO  [lib BD_Libros] commit end BD_Libros (session 1) -> state: [ 1 2 3 ][ 1 2 3 4 ]
15:21:07.164  INFO  [lib BD_Libros] sweeper deleted 1/1 docs: 16 in ms 0.3035
15:21:07.164  INFO  [lib BD_Libros] sweeper deleted 1/1 metadocs: 17
15:28:53.637  INFO  [lib BD_Libros] commit start BD_Libros (session 1)
15:28:53.647  INFO  [lib BD_Libros] commit 5 on BD_Libros (session 1)
15:28:53.652  INFO  [lib BD_Libros] commit 5 done
15:28:53.652  INFO  [lib BD_Libros] sweeper deleted 1/1 docs: 20 in ms 0.0585
15:28:53.652  INFO  [lib BD_Libros] commit end BD_Libros (session 1) -> state: [ 1 2 3 4 ][ 1 2 3 4 5 ]
15:28:53.657  INFO  [lib BD_Libros] sweeper deleted 1/1 metadocs: 21
20:01:55.266  INFO  [lib BD_Libros] commit start BD_Libros (session 1)
20:01:55.266  INFO  [lib BD_Libros] commit 6 on BD_Libros (session 1)
20:01:55.279  INFO  [lib BD_Libros] commit 6 done
20:01:55.279  INFO  [lib BD_Libros] commit end BD_Libros (session 1) -> state: [ 1 2 3 4 5 ][ 1 2 3 4 5 6 ]
20:01:55.279  INFO  [lib BD_Libros] sweeper deleted 1/1 docs: 24 in ms 0.068
20:01:55.285  INFO  [lib BD_Libros] sweeper deleted 1/1 metadocs: 25
20:15:14.464  INFO  [lib BD_Libros] commit start BD_Libros (session 1)
20:15:14.479  INFO  [lib BD_Libros] commit 7 on BD_Libros (session 1)
20:15:14.479  INFO  [lib BD_Libros] commit 7 done
20:15:14.479  INFO  [lib BD_Libros] sweeper deleted 1/1 docs: 28 in ms 0.0514
20:15:14.495  INFO  [lib BD_Libros] sweeper deleted 1/1 metadocs: 29
20:15:14.479  INFO  [lib BD_Libros] commit end BD_Libros (session 1) -> state: [ 1 2 3 4 5 6 ][ 1 2 3 4 5 6 7 ]
20:23:56.263  INFO  [lib BD_Libros] commit start BD_Libros (session 1)
20:23:56.273  INFO  [lib BD_Libros] commit 8 on BD_Libros (session 1)
20:23:56.282  INFO  [lib BD_Libros] commit 8 done
20:23:56.282  INFO  [lib BD_Libros] sweeper deleted 1/1 docs: 32 in ms 0.0694
20:23:56.282  INFO  [lib BD_Libros] commit end BD_Libros (session 1) -> state: [ 1 2 3 4 5 6 7 ][ 1 2 3 4 5 6 7 8 ]
20:23:56.282  INFO  [lib BD_Libros] sweeper deleted 1/1 metadocs: 33
20:36:45.500  INFO  [lib BD_Libros] commit start BD_Libros (session 1)
20:36:45.511  INFO  [lib BD_Libros] commit 9 on BD_Libros (session 1)
20:36:45.520  INFO  [lib BD_Libros] commit 9 done
20:36:45.520  INFO  [lib BD_Libros] sweeper deleted 1/1 docs: 36 in ms 0.0586
20:36:45.520  INFO  [lib BD_Libros] commit end BD_Libros (session 1) -> state: [ 1 2 3 4 5 6 7 8 ][ 1 2 3 4 5 6 7 8 9 ]
20:36:45.524  INFO  [lib BD_Libros] sweeper deleted 1/1 metadocs: 37
20:38:06.320  INFO  [lib BD_Libros] All sessions closed
20:38:06.320  INFO  [lib BD_Libros] Sweeper stopped
20:38:06.320  INFO  [lib BD_Libros] library closed 
